--- FAIL: TestGetPayment (0.01s)
    --- FAIL: TestGetPayment/ubl-example5.xml (0.00s)
        payment_test.go:51: 
            	Error Trace:	/home/antonio/workspace/invopop/gobl.ubl/utog/payment_test.go:51
            	Error:      	Not equal: 
            	            	expected: "989823401"
            	            	actual  : "DK16356608"
            	            	
            	            	Diff:
            	            	--- Expected
            	            	+++ Actual
            	            	@@ -1,2 +1,2 @@
            	            	-(cbc.Code) (len=9) "989823401"
            	            	+(cbc.Code) (len=10) "DK16356608"
            	            	 
            	Test:       	TestGetPayment/ubl-example5.xml
FAIL
FAIL	github.com/invopop/gobl.ubl/utog	0.054s
FAIL
